app/build/outputs/logs/manifest-merger-debug-report.txt
-- Merging decision tree log ---
manifest
ADDED from src\main\AndroidManifest.xml:2:1-60:12
	package
		ADDED from src\main\AndroidManifest.xml:3:5-35
		INJECTED from src\main\AndroidManifest.xml
		INJECTED from src\main\AndroidManifest.xml
	android:versionName
		ADDED from src\main\AndroidManifest.xml:5:5-30
		INJECTED from src\main\AndroidManifest.xml
		INJECTED from src\main\AndroidManifest.xml
	android:versionCode
		ADDED from src\main\AndroidManifest.xml:4:5-28
		INJECTED from src\main\AndroidManifest.xml
		INJECTED from src\main\AndroidManifest.xml
	xmlns:android
		ADDED from src\main\AndroidManifest.xml:2:11-69
permission#android.permission.BAIDU_LOCATION_SERVICE
ADDED from src\main\AndroidManifest.xml:6:2-7:17
	android:name
		ADDED from src\main\AndroidManifest.xml:6:14-70
uses-permission#android.permission.BAIDU_LOCATION_SERVICE
ADDED from src\main\AndroidManifest.xml:8:4-9:22
	android:name
		ADDED from src\main\AndroidManifest.xml:8:21-77
uses-permission#android.permission.ACCESS_COARSE_LOCATION
ADDED from src\main\AndroidManifest.xml:10:4-11:22
	android:name
		ADDED from src\main\AndroidManifest.xml:10:21-77
uses-permission#android.permission.ACCESS_FINE_LOCATION
ADDED from src\main\AndroidManifest.xml:12:4-13:22
	android:name
		ADDED from src\main\AndroidManifest.xml:12:21-75
uses-permission#android.permission.ACCESS_WIFI_STATE
ADDED from src\main\AndroidManifest.xml:14:4-15:22
	android:name
		ADDED from src\main\AndroidManifest.xml:14:21-72
uses-permission#android.permission.ACCESS_NETWORK_STATE
ADDED from src\main\AndroidManifest.xml:16:4-17:22
	android:name
		ADDED from src\main\AndroidManifest.xml:16:21-75
uses-permission#android.permission.CHANGE_WIFI_STATE
ADDED from src\main\AndroidManifest.xml:18:4-19:22
	android:name
		ADDED from src\main\AndroidManifest.xml:18:21-72
uses-permission#android.permission.READ_PHONE_STATE
ADDED from src\main\AndroidManifest.xml:20:4-21:22
	android:name
		ADDED from src\main\AndroidManifest.xml:20:21-71
uses-permission#android.permission.WRITE_EXTERNAL_STORAGE
ADDED from src\main\AndroidManifest.xml:22:4-23:22
	android:name
		ADDED from src\main\AndroidManifest.xml:22:21-77
uses-permission#android.permission.INTERNET
ADDED from src\main\AndroidManifest.xml:24:4-66
	android:name
		ADDED from src\main\AndroidManifest.xml:24:21-63
uses-permission#android.permission.MOUNT_UNMOUNT_FILESYSTEMS
ADDED from src\main\AndroidManifest.xml:25:4-26:22
	android:name
		ADDED from src\main\AndroidManifest.xml:25:21-80
uses-permission#android.permission.READ_LOGS
ADDED from src\main\AndroidManifest.xml:27:4-28:22
	android:name
		ADDED from src\main\AndroidManifest.xml:27:21-64
uses-sdk
ADDED from src\main\AndroidManifest.xml:30:5-32:41
	android:targetSdkVersion
		ADDED from src\main\AndroidManifest.xml:32:9-38
		INJECTED from src\main\AndroidManifest.xml
		INJECTED from src\main\AndroidManifest.xml
	android:minSdkVersion
		ADDED from src\main\AndroidManifest.xml:31:9-34
		INJECTED from src\main\AndroidManifest.xml
		INJECTED from src\main\AndroidManifest.xml
application
ADDED from src\main\AndroidManifest.xml:34:5-58:19
	android:label
		ADDED from src\main\AndroidManifest.xml:37:9-41
	android:allowBackup
		ADDED from src\main\AndroidManifest.xml:35:9-35
	android:icon
		ADDED from src\main\AndroidManifest.xml:36:9-45
	android:theme
		ADDED from src\main\AndroidManifest.xml:38:9-40
activity#com.example.location.MainActivity
ADDED from src\main\AndroidManifest.xml:39:9-47:20
	android:label
		ADDED from src\main\AndroidManifest.xml:41:13-45
	android:name
		ADDED from src\main\AndroidManifest.xml:40:13-61
intent-filter#android.intent.action.MAIN+android.intent.category.LAUNCHER
ADDED from src\main\AndroidManifest.xml:42:13-46:29
action#android.intent.action.MAIN
ADDED from src\main\AndroidManifest.xml:43:17-69
	android:name
		ADDED from src\main\AndroidManifest.xml:43:25-66
category#android.intent.category.LAUNCHER
ADDED from src\main\AndroidManifest.xml:45:17-77
	android:name
		ADDED from src\main\AndroidManifest.xml:45:27-74
service#com.baidu.location.f
ADDED from src\main\AndroidManifest.xml:48:9-56:19
	android:enabled
		ADDED from src\main\AndroidManifest.xml:50:13-35
	android:process
		ADDED from src\main\AndroidManifest.xml:52:13-38
	android:permission
		ADDED from src\main\AndroidManifest.xml:51:13-75
	android:name
		ADDED from src\main\AndroidManifest.xml:49:13-48
intent-filter#com.baidu.location.service_v3.3
ADDED from src\main\AndroidManifest.xml:53:13-55:29
action#com.baidu.location.service_v3.3
ADDED from src\main\AndroidManifest.xml:54:17-74
	android:name
		ADDED from src\main\AndroidManifest.xml:54:25-71